Build started 16-09-2017 13:59:09.
     1>Project "G:\Git\Viru\curl\curl\curl.vcxproj" on node 2 (Build target(s)).
     1>ClCompile:
         C:\Program Files (x86)\Microsoft Visual Studio 11.0\VC\bin\CL.exe /c /ZI /nologo /W3 /WX- /Od /Oy- /D CURL_STATICLIB /D _MBCS /Gm /EHsc /RTC1 /MDd /GS /fp:precise /Zc:wchar_t /Zc:forScope /Fo"Debug\\" /Fd"Debug\vc110.pdb" /Gd /TP /analyze- /errorReport:prompt main.cpp
         main.cpp
       Link:
         C:\Program Files (x86)\Microsoft Visual Studio 11.0\VC\bin\link.exe /ERRORREPORT:PROMPT /OUT:"G:\Git\Viru\curl\Debug\curl.exe" /INCREMENTAL /NOLOGO /MANIFEST /MANIFESTUAC:"level='asInvoker' uiAccess='false'" /manifest:embed /manifestinput:"C:\Program Files (x86)\Microsoft Visual Studio 11.0\VC\Include\Manifest\dpiaware.manifest" /DEBUG /PDB:"G:\Git\Viru\curl\Debug\curl.pdb" /TLBID:1 /DYNAMICBASE /NXCOMPAT /IMPLIB:"G:\Git\Viru\curl\Debug\curl.lib" /MACHINE:X86 Debug\main.obj
     1>main.obj : error LNK2019: unresolved external symbol _curl_easy_strerror referenced in function _main
     1>main.obj : error LNK2019: unresolved external symbol _curl_easy_init referenced in function _main
     1>main.obj : error LNK2019: unresolved external symbol _curl_easy_setopt referenced in function _main
     1>main.obj : error LNK2019: unresolved external symbol _curl_easy_perform referenced in function _main
     1>main.obj : error LNK2019: unresolved external symbol _curl_easy_cleanup referenced in function _main
     1>G:\Git\Viru\curl\Debug\curl.exe : fatal error LNK1120: 5 unresolved externals
     1>Done Building Project "G:\Git\Viru\curl\curl\curl.vcxproj" (Build target(s)) -- FAILED.

Build FAILED.

Time Elapsed 00:00:05.18
